TN:
SF:/home/carlosmarinho/projects/nodejs/exam_node/dbconnection.js
FNF:0
FNH:0
DA:1,1
DA:2,1
DA:9,1
LF:3
LH:3
BRF:0
BRH:0
end_of_record
TN:
SF:/home/carlosmarinho/projects/nodejs/exam_node/controller/Product.js
FN:3,(anonymous_0)
FN:7,(anonymous_1)
FNF:2
FNH:2
FNDA:1,(anonymous_0)
FNDA:1,(anonymous_1)
DA:1,1
DA:9,1
DA:10,1
DA:14,1
LF:4
LH:4
BRF:0
BRH:0
end_of_record
TN:
SF:/home/carlosmarinho/projects/nodejs/exam_node/models/Product.js
FN:5,(anonymous_0)
FN:8,(anonymous_1)
FN:11,(anonymous_2)
FN:14,(anonymous_3)
FN:17,(anonymous_4)
FNF:5
FNH:0
FNDA:0,(anonymous_0)
FNDA:0,(anonymous_1)
FNDA:0,(anonymous_2)
FNDA:0,(anonymous_3)
FNDA:0,(anonymous_4)
DA:1,1
DA:3,1
DA:6,0
DA:9,0
DA:12,0
DA:15,0
DA:18,0
DA:22,1
LF:8
LH:3
BRF:0
BRH:0
end_of_record
